\BOOKMARK [1][-]{section.1}{\376\377\000I\000n\000t\000r\000o\000d\000u\000z\000i\000o\000n\000e}{}% 1
\BOOKMARK [2][-]{subsection.1.1}{\376\377\000E\000s\000e\000r\000c\000i\000z\000i\000o}{section.1}% 2
\BOOKMARK [1][-]{section.2}{\376\377\000D\000e\000s\000c\000r\000i\000z\000i\000o\000n\000e\000\040\000d\000e\000l\000\040\000p\000r\000o\000b\000l\000e\000m\000a\000\040\000e\000\040\000i\000m\000p\000l\000e\000m\000e\000n\000t\000a\000z\000i\000o\000n\000e}{}% 3
\BOOKMARK [2][-]{subsection.2.1}{\376\377\000S\000t\000a\000t\000i\000s\000t\000i\000c\000h\000e\000\040\000d\000'\000O\000r\000d\000i\000n\000e\000\040\000D\000i\000n\000a\000m\000i\000c\000h\000e}{section.2}% 4
\BOOKMARK [2][-]{subsection.2.2}{\376\377\000I\000m\000p\000l\000e\000m\000e\000n\000t\000a\000z\000i\000o\000n\000e}{section.2}% 5
\BOOKMARK [3][-]{subsubsection.2.2.1}{\376\377\000L\000i\000s\000t\000a\000\040\000C\000o\000n\000c\000a\000t\000e\000n\000a\000t\000a\000\040\000O\000r\000d\000i\000n\000a\000t\000a}{subsection.2.2}% 6
\BOOKMARK [3][-]{subsubsection.2.2.2}{\376\377\000I\000m\000p\000l\000e\000m\000e\000n\000t\000a\000z\000i\000o\000n\000e\000\040\000l\000i\000s\000t\000a\000\040\000c\000o\000n\000c\000a\000t\000e\000n\000a\000t\000a\000\040\000o\000r\000d\000i\000n\000a\000t\000a}{subsection.2.2}% 7
\BOOKMARK [3][-]{subsubsection.2.2.3}{\376\377\000A\000l\000b\000e\000r\000o\000\040\000B\000i\000n\000a\000r\000i\000o\000\040\000d\000i\000\040\000R\000i\000c\000e\000r\000c\000a\000\040\000S\000t\000a\000n\000d\000a\000r\000d}{subsection.2.2}% 8
\BOOKMARK [3][-]{subsubsection.2.2.4}{\376\377\000A\000l\000b\000e\000r\000o\000\040\000B\000i\000n\000a\000r\000i\000o\000\040\000d\000i\000\040\000R\000i\000c\000e\000r\000c\000a\000\040\000a\000u\000t\000o\000\040\000b\000i\000l\000a\000n\000c\000i\000a\000t\000o\000\040\000c\000o\000n\000\040\000A\000t\000t\000r\000i\000b\000u\000t\000o\000\040\000D\000i\000m\000e\000n\000s\000i\000o\000n\000e}{subsection.2.2}% 9
\BOOKMARK [2][-]{subsection.2.3}{\376\377\000C\000o\000m\000p\000l\000e\000s\000s\000i\000t\000\340\000\040\000T\000e\000o\000r\000i\000c\000a}{section.2}% 10
\BOOKMARK [3][-]{subsubsection.2.3.1}{\376\377\000N\000o\000t\000e\000\040\000s\000u\000l\000l\000a\000\040\000T\000a\000b\000e\000l\000l\000a}{subsection.2.3}% 11
\BOOKMARK [1][-]{section.3}{\376\377\000D\000o\000c\000u\000m\000e\000n\000t\000a\000z\000i\000o\000n\000e}{}% 12
\BOOKMARK [2][-]{subsection.3.1}{\376\377\000S\000t\000r\000u\000t\000t\000u\000r\000a\000\040\000d\000e\000l\000\040\000P\000r\000o\000g\000e\000t\000t\000o}{section.3}% 13
\BOOKMARK [2][-]{subsection.3.2}{\376\377\000L\000i\000n\000k\000e\000d\000L\000i\000s\000t}{section.3}% 14
\BOOKMARK [2][-]{subsection.3.3}{\376\377\000B\000S\000T\000r\000e\000e}{section.3}% 15
\BOOKMARK [2][-]{subsection.3.4}{\376\377\000S\000B\000S\000T\000r\000e\000e}{section.3}% 16
\BOOKMARK [2][-]{subsection.3.5}{\376\377\000D\000a\000t\000a\000G\000e\000n\000e\000r\000a\000t\000o\000r}{section.3}% 17
\BOOKMARK [2][-]{subsection.3.6}{\376\377\000F\000u\000n\000z\000i\000o\000n\000i\000\040\000d\000i\000\040\000t\000e\000s\000t}{section.3}% 18
\BOOKMARK [2][-]{subsection.3.7}{\376\377\000S\000t\000r\000u\000c\000t\000u\000r\000e\000T\000e\000s\000t\000e\000r}{section.3}% 19
\BOOKMARK [1][-]{section.4}{\376\377\000T\000e\000s\000t\000\040\000e\000f\000f\000e\000t\000t\000u\000a\000t\000i}{}% 20
\BOOKMARK [2][-]{subsection.4.1}{\376\377\000R\000i\000s\000u\000l\000t\000a\000t\000i\000\040\000d\000e\000i\000\040\000t\000e\000s\000t}{section.4}% 21
\BOOKMARK [3][-]{subsubsection.4.1.1}{\376\377\000T\000e\000s\000t\000\040\0001\000:\000\040\000D\000a\000t\000i\000\040\000C\000a\000s\000u\000a\000l\000i}{subsection.4.1}% 22
\BOOKMARK [3][-]{subsubsection.4.1.2}{\376\377\000T\000e\000s\000t\000\040\0002\000:\000\040\000D\000a\000t\000i\000\040\000O\000r\000d\000i\000n\000a\000t\000i\000\040\000\050\000A\000l\000b\000e\000r\000o\000\040\000B\000S\000T\000r\000e\000e\000\040\000D\000e\000g\000e\000n\000e\000r\000e\000\051}{subsection.4.1}% 23
\BOOKMARK [1][-]{section.5}{\376\377\000C\000o\000n\000c\000l\000u\000s\000i\000o\000n\000e}{}% 24
\BOOKMARK [2][-]{subsection.5.1}{\376\377\000C\000o\000n\000c\000l\000u\000s\000i\000o\000n\000e\000\040\000t\000e\000s\000t\000\040\0001}{section.5}% 25
\BOOKMARK [2][-]{subsection.5.2}{\376\377\000C\000o\000n\000c\000l\000u\000s\000i\000o\000n\000e\000\040\0002}{section.5}% 26
\BOOKMARK [2][-]{subsection.5.3}{\376\377\000A\000m\000b\000i\000e\000n\000t\000e\000\040\000d\000i\000\040\000S\000v\000i\000l\000u\000p\000p\000o}{section.5}% 27
\BOOKMARK [1][-]{section.6}{\376\377\000B\000i\000b\000l\000i\000o\000g\000r\000a\000f\000i\000a}{}% 28
